<?xml version="1.0" encoding="UTF-8"?>
<testng-results skipped="0" failed="0" total="1" passed="1">
  <reporter-output>
  </reporter-output>
  <suite name="SmokeTest" duration-ms="94" started-at="2015-09-18T12:08:46Z" finished-at="2015-09-18T12:08:46Z">
    <groups>
      <group name="SmokeTest">
        <method signature="Locators.display()[pri:0, instance:august.Locators@2f7a2457]" name="display" class="august.Locators"/>
      </group> <!-- SmokeTest -->
    </groups>
    <test name="RegressionSet1" duration-ms="94" started-at="2015-09-18T12:08:46Z" finished-at="2015-09-18T12:08:46Z">
      <class name="august.Locators">
        <test-method status="PASS" signature="display()[pri:0, instance:august.Locators@2f7a2457]" name="display" duration-ms="15" started-at="2015-09-18T17:38:46Z" finished-at="2015-09-18T17:38:46Z">
          <reporter-output>
          </reporter-output>
        </test-method> <!-- display -->
      </class> <!-- august.Locators -->
    </test> <!-- RegressionSet1 -->
  </suite> <!-- SmokeTest -->
</testng-results>
